This is pdfTeX, Version 3.1415926-2.5-1.40.14 (TeX Live 2013/Debian) (format=pdflatex 2015.5.1)  23 MAR 2016 16:13
entering extended mode
 restricted \write18 enabled.
 %&-line parsing enabled.
**dissertation.tex
(./dissertation.tex
LaTeX2e <2011/06/27>
Babel <3.9h> and hyphenation patterns for 4 languages loaded.
(/usr/share/texlive/texmf-dist/tex/latex/nddiss/nddiss2e.cls
Document Class: nddiss2e 2005/07/27 v3.0 
Notre Dame Dissertation document class by Sameer Vijay

FINAL MODE

NUMBERED REFERENCES
TWO ADVISORS


Class nddiss2e Warning: UnknownOption `sort&compress' on input line 99.

(/usr/share/texlive/texmf-dist/tex/latex/base/book.cls
Document Class: book 2007/10/19 v1.4h Standard LaTeX document class
(/usr/share/texlive/texmf-dist/tex/latex/base/bk12.clo
File: bk12.clo 2007/10/19 v1.4h Standard LaTeX file (size option)
)
\c@part=\count79
\c@chapter=\count80
\c@section=\count81
\c@subsection=\count82
\c@subsubsection=\count83
\c@paragraph=\count84
\c@subparagraph=\count85
\c@figure=\count86
\c@table=\count87
\abovecaptionskip=\skip41
\belowcaptionskip=\skip42
\bibindent=\dimen102
)
(/usr/share/texlive/texmf-dist/tex/latex/base/ifthen.sty
Package: ifthen 2001/05/26 v1.1c Standard LaTeX ifthen package (DPC)
)
(/usr/share/texlive/texmf-dist/tex/latex/base/exscale.sty
Package: exscale 2007/10/29 v2.1h Standard LaTeX package exscale
LaTeX Font Info:    Redeclaring symbol font `largesymbols' on input line 52.
LaTeX Font Info:    Overwriting symbol font `largesymbols' in version `normal'
(Font)                  OMX/cmex/m/n --> OMX/cmex/m/n on input line 52.
LaTeX Font Info:    Overwriting symbol font `largesymbols' in version `bold'
(Font)                  OMX/cmex/m/n --> OMX/cmex/m/n on input line 52.
\big@size=\dimen103
)
(/usr/share/texlive/texmf-dist/tex/generic/oberdiek/ifpdf.sty
Package: ifpdf 2011/01/30 v2.3 Provides the ifpdf switch (HO)
Package ifpdf Info: pdfTeX in PDF mode is detected.
)
(/usr/share/texlive/texmf-dist/tex/latex/tools/longtable.sty
Package: longtable 2004/02/01 v4.11 Multi-page Table package (DPC)
\LTleft=\skip43
\LTright=\skip44
\LTpre=\skip45
\LTpost=\skip46
\LTchunksize=\count88
\LTcapwidth=\dimen104
\LT@head=\box26
\LT@firsthead=\box27
\LT@foot=\box28
\LT@lastfoot=\box29
\LT@cols=\count89
\LT@rows=\count90
\c@LT@tables=\count91
\c@LT@chunks=\count92
\LT@p@ftn=\toks14
)
(/usr/share/texlive/texmf-dist/tex/latex/tools/xspace.sty
Package: xspace 2009/10/20 v1.13 Space after command names (DPC,MH)
)
(/usr/share/texlive/texmf-dist/tex/latex/tools/indentfirst.sty
Package: indentfirst 1995/11/23 v1.03 Indent first paragraph (DPC)
)
(/usr/share/texlive/texmf-dist/tex/latex/tools/tabularx.sty
Package: tabularx 1999/01/07 v2.07 `tabularx' package (DPC)

(/usr/share/texlive/texmf-dist/tex/latex/tools/array.sty
Package: array 2008/09/09 v2.4c Tabular extension package (FMi)
\col@sep=\dimen105
\extrarowheight=\dimen106
\NC@list=\toks15
\extratabsurround=\skip47
\backup@length=\skip48
)
\TX@col@width=\dimen107
\TX@old@table=\dimen108
\TX@old@col=\dimen109
\TX@target=\dimen110
\TX@delta=\dimen111
\TX@cols=\count93
\TX@ftn=\toks16
)
(/usr/share/texlive/texmf-dist/tex/latex/tools/enumerate.sty
Package: enumerate 1999/03/05 v3.00 enumerate extensions (DPC)
\@enLab=\toks17
)
(/usr/share/texlive/texmf-dist/tex/latex/base/latexsym.sty
Package: latexsym 1998/08/17 v2.2e Standard LaTeX package (lasy symbols)
\symlasy=\mathgroup4
LaTeX Font Info:    Overwriting symbol font `lasy' in version `bold'
(Font)                  U/lasy/m/n --> U/lasy/b/n on input line 47.
)
(/usr/share/texlive/texmf-dist/tex/latex/graphics/epsfig.sty
Package: epsfig 1999/02/16 v1.7a (e)psfig emulation (SPQR)

(/usr/share/texlive/texmf-dist/tex/latex/graphics/graphicx.sty
Package: graphicx 1999/02/16 v1.0f Enhanced LaTeX Graphics (DPC,SPQR)

(/usr/share/texlive/texmf-dist/tex/latex/graphics/keyval.sty
Package: keyval 1999/03/16 v1.13 key=value parser (DPC)
\KV@toks@=\toks18
)
(/usr/share/texlive/texmf-dist/tex/latex/graphics/graphics.sty
Package: graphics 2009/02/05 v1.0o Standard LaTeX Graphics (DPC,SPQR)

(/usr/share/texlive/texmf-dist/tex/latex/graphics/trig.sty
Package: trig 1999/03/16 v1.09 sin cos tan (DPC)
)
(/usr/share/texlive/texmf-dist/tex/latex/latexconfig/graphics.cfg
File: graphics.cfg 2010/04/23 v1.9 graphics configuration of TeX Live
)
Package graphics Info: Driver file: pdftex.def on input line 91.

(/usr/share/texlive/texmf-dist/tex/latex/pdftex-def/pdftex.def
File: pdftex.def 2011/05/27 v0.06d Graphics/color for pdfTeX

(/usr/share/texlive/texmf-dist/tex/generic/oberdiek/infwarerr.sty
Package: infwarerr 2010/04/08 v1.3 Providing info/warning/error messages (HO)
)
(/usr/share/texlive/texmf-dist/tex/generic/oberdiek/ltxcmds.sty
Package: ltxcmds 2011/11/09 v1.22 LaTeX kernel commands for general use (HO)
)
\Gread@gobject=\count94
))
\Gin@req@height=\dimen112
\Gin@req@width=\dimen113
)
\epsfxsize=\dimen114
\epsfysize=\dimen115
)
(/usr/share/texlive/texmf-dist/tex/latex/graphics/color.sty
Package: color 2005/11/14 v1.0j Standard LaTeX Color (DPC)

(/usr/share/texlive/texmf-dist/tex/latex/latexconfig/color.cfg
File: color.cfg 2007/01/18 v1.5 color configuration of teTeX/TeXLive
)
Package color Info: Driver file: pdftex.def on input line 130.
)
(/usr/share/texlive/texmf-dist/tex/latex/hyperref/hyperref.sty
Package: hyperref 2012/11/06 v6.83m Hypertext links for LaTeX

(/usr/share/texlive/texmf-dist/tex/generic/oberdiek/hobsub-hyperref.sty
Package: hobsub-hyperref 2012/05/28 v1.13 Bundle oberdiek, subset hyperref (HO)


(/usr/share/texlive/texmf-dist/tex/generic/oberdiek/hobsub-generic.sty
Package: hobsub-generic 2012/05/28 v1.13 Bundle oberdiek, subset generic (HO)
Package: hobsub 2012/05/28 v1.13 Construct package bundles (HO)
Package hobsub Info: Skipping package `infwarerr' (already loaded).
Package hobsub Info: Skipping package `ltxcmds' (already loaded).
Package: ifluatex 2010/03/01 v1.3 Provides the ifluatex switch (HO)
Package ifluatex Info: LuaTeX not detected.
Package: ifvtex 2010/03/01 v1.5 Detect VTeX and its facilities (HO)
Package ifvtex Info: VTeX not detected.
Package: intcalc 2007/09/27 v1.1 Expandable calculations with integers (HO)
Package hobsub Info: Skipping package `ifpdf' (already loaded).
Package: etexcmds 2011/02/16 v1.5 Avoid name clashes with e-TeX commands (HO)
Package etexcmds Info: Could not find \expanded.
(etexcmds)             That can mean that you are not using pdfTeX 1.50 or
(etexcmds)             that some package has redefined \expanded.
(etexcmds)             In the latter case, load this package earlier.
Package: kvsetkeys 2012/04/25 v1.16 Key value parser (HO)
Package: kvdefinekeys 2011/04/07 v1.3 Define keys (HO)
Package: pdftexcmds 2011/11/29 v0.20 Utility functions of pdfTeX for LuaTeX (HO
)
Package pdftexcmds Info: LuaTeX not detected.
Package pdftexcmds Info: \pdf@primitive is available.
Package pdftexcmds Info: \pdf@ifprimitive is available.
Package pdftexcmds Info: \pdfdraftmode found.
Package: pdfescape 2011/11/25 v1.13 Implements pdfTeX's escape features (HO)
Package: bigintcalc 2012/04/08 v1.3 Expandable calculations on big integers (HO
)
Package: bitset 2011/01/30 v1.1 Handle bit-vector datatype (HO)
Package: uniquecounter 2011/01/30 v1.2 Provide unlimited unique counter (HO)
)
Package hobsub Info: Skipping package `hobsub' (already loaded).
Package: letltxmacro 2010/09/02 v1.4 Let assignment for LaTeX macros (HO)
Package: hopatch 2012/05/28 v1.2 Wrapper for package hooks (HO)
Package: xcolor-patch 2011/01/30 xcolor patch
Package: atveryend 2011/06/30 v1.8 Hooks at the very end of document (HO)
Package atveryend Info: \enddocument detected (standard20110627).
Package: atbegshi 2011/10/05 v1.16 At begin shipout hook (HO)
Package: refcount 2011/10/16 v3.4 Data extraction from label references (HO)
Package: hycolor 2011/01/30 v1.7 Color options for hyperref/bookmark (HO)
)
(/usr/share/texlive/texmf-dist/tex/generic/ifxetex/ifxetex.sty
Package: ifxetex 2010/09/12 v0.6 Provides ifxetex conditional
)
(/usr/share/texlive/texmf-dist/tex/latex/oberdiek/auxhook.sty
Package: auxhook 2011/03/04 v1.3 Hooks for auxiliary files (HO)
)
(/usr/share/texlive/texmf-dist/tex/latex/oberdiek/kvoptions.sty
Package: kvoptions 2011/06/30 v3.11 Key value format for package options (HO)
)
\@linkdim=\dimen116
\Hy@linkcounter=\count95
\Hy@pagecounter=\count96

(/usr/share/texlive/texmf-dist/tex/latex/hyperref/pd1enc.def
File: pd1enc.def 2012/11/06 v6.83m Hyperref: PDFDocEncoding definition (HO)
)
\Hy@SavedSpaceFactor=\count97

(/usr/share/texlive/texmf-dist/tex/latex/latexconfig/hyperref.cfg
File: hyperref.cfg 2002/06/06 v1.2 hyperref configuration of TeXLive
)
Package hyperref Info: Option `final' set `true' on input line 4319.


Package hyperref Warning: Option `letterpaper' is no longer used.

Package hyperref Info: Option `bookmarks' set `true' on input line 4319.
Package hyperref Info: Option `bookmarksnumbered' set `true' on input line 4319
.
Package hyperref Info: Option `linktocpage' set `true' on input line 4319.
Package hyperref Info: Option `breaklinks' set `true' on input line 4319.
Package hyperref Info: Option `colorlinks' set `false' on input line 4319.
Package hyperref Info: Hyper figures OFF on input line 4443.
Package hyperref Info: Link nesting OFF on input line 4448.
Package hyperref Info: Hyper index ON on input line 4451.
Package hyperref Info: Plain pages OFF on input line 4458.
Package hyperref Info: Backreferencing OFF on input line 4463.
Package hyperref Info: Implicit mode ON; LaTeX internals redefined.
Package hyperref Info: Bookmarks ON on input line 4688.
\c@Hy@tempcnt=\count98
(/usr/share/texlive/texmf-dist/tex/latex/url/url.sty
\Urlmuskip=\muskip10
Package: url 2013/09/16  ver 3.4  Verb mode for urls, etc.
)
LaTeX Info: Redefining \url on input line 5041.
\XeTeXLinkMargin=\dimen117
\Fld@menulength=\count99
\Field@Width=\dimen118
\Fld@charsize=\dimen119
Package hyperref Info: Hyper figures OFF on input line 6295.
Package hyperref Info: Link nesting OFF on input line 6300.
Package hyperref Info: Hyper index ON on input line 6303.
Package hyperref Info: backreferencing OFF on input line 6310.
Package hyperref Info: Link coloring OFF on input line 6315.
Package hyperref Info: Link coloring with OCG OFF on input line 6320.
Package hyperref Info: PDF/A mode OFF on input line 6325.
LaTeX Info: Redefining \ref on input line 6365.
LaTeX Info: Redefining \pageref on input line 6369.
\Hy@abspage=\count100
\c@Item=\count101
\c@Hfootnote=\count102
)

Package hyperref Message: Driver: hpdftex.

(/usr/share/texlive/texmf-dist/tex/latex/hyperref/hpdftex.def
File: hpdftex.def 2012/11/06 v6.83m Hyperref driver for pdfTeX
\Fld@listcount=\count103
\c@bookmark@seq@number=\count104

(/usr/share/texlive/texmf-dist/tex/latex/oberdiek/rerunfilecheck.sty
Package: rerunfilecheck 2011/04/15 v1.7 Rerun checks for auxiliary files (HO)
Package uniquecounter Info: New unique counter `rerunfilecheck' on input line 2
82.
)
\Hy@SectionHShift=\skip49
)
(/usr/share/texlive/texmf-dist/tex/latex/natbib/natbib.sty
Package: natbib 2010/09/13 8.31b (PWD, AO)
\bibhang=\skip50
\bibsep=\skip51
LaTeX Info: Redefining \cite on input line 694.
\c@NAT@ctr=\count105
)
(/usr/share/texlive/texmf-dist/tex/latex/hypernat/hypernat.sty
Package: hypernat 2001/07/09 v1.0b hyperref and natbib compatibility (jb)
)
\single@skip=\skip52
\double@skip=\skip53
\capwidth=\skip54
\abovetableskip=\skip55
\belowtableskip=\skip56
\abovefigureskip=\skip57
\belowfigureskip=\skip58


! LaTeX Error: Command \bibfont already defined.
               Or name \end... illegal, see p.192 of the manual.

See the LaTeX manual or LaTeX Companion for explanation.
Type  H <return>  for immediate help.
 ...                                              
                                                  
l.669 \newcommand{\bibfont}{\singlespacing}
                                           
Your command was ignored.
Type  I <command> <return>  to replace it with another command,
or  <return>  to continue without it.

) (/usr/share/texlive/texmf-dist/tex/latex/braket/braket.sty)
(./dissertation.aux (./chapter1.aux) (./chapter2.aux) (./chapter3.aux

LaTeX Warning: Label `fig:schematic' multiply defined.

) (./chapter4.aux) (./appendix.aux) (./appendixB.aux

LaTeX Warning: Label `eq:charge' multiply defined.


LaTeX Warning: Label `eq:dipole' multiply defined.


LaTeX Warning: Label `eq:quadrupole' multiply defined.


LaTeX Warning: Label `eq:matrixCross' multiply defined.

))
\openout1 = `dissertation.aux'.

LaTeX Font Info:    Checking defaults for OML/cmm/m/it on input line 82.
LaTeX Font Info:    ... okay on input line 82.
LaTeX Font Info:    Checking defaults for T1/cmr/m/n on input line 82.
LaTeX Font Info:    ... okay on input line 82.
LaTeX Font Info:    Checking defaults for OT1/cmr/m/n on input line 82.
LaTeX Font Info:    ... okay on input line 82.
LaTeX Font Info:    Checking defaults for OMS/cmsy/m/n on input line 82.
LaTeX Font Info:    ... okay on input line 82.
LaTeX Font Info:    Checking defaults for OMX/cmex/m/n on input line 82.
LaTeX Font Info:    ... okay on input line 82.
LaTeX Font Info:    Checking defaults for U/cmr/m/n on input line 82.
LaTeX Font Info:    ... okay on input line 82.
LaTeX Font Info:    Checking defaults for PD1/pdf/m/n on input line 82.
LaTeX Font Info:    ... okay on input line 82.
 (/usr/share/texlive/texmf-dist/tex/context/base/supp-pdf.mkii
[Loading MPS to PDF converter (version 2006.09.02).]
\scratchcounter=\count106
\scratchdimen=\dimen120
\scratchbox=\box30
\nofMPsegments=\count107
\nofMParguments=\count108
\everyMPshowfont=\toks19
\MPscratchCnt=\count109
\MPscratchDim=\dimen121
\MPnumerator=\count110
\makeMPintoPDFobject=\count111
\everyMPtoPDFconversion=\toks20
) (/usr/share/texlive/texmf-dist/tex/latex/oberdiek/epstopdf-base.sty
Package: epstopdf-base 2010/02/09 v2.5 Base part for package epstopdf

(/usr/share/texlive/texmf-dist/tex/latex/oberdiek/grfext.sty
Package: grfext 2010/08/19 v1.1 Manage graphics extensions (HO)
)
Package grfext Info: Graphics extension search list:
(grfext)             [.png,.pdf,.jpg,.mps,.jpeg,.jbig2,.jb2,.PNG,.PDF,.JPG,.JPE
G,.JBIG2,.JB2,.eps]
(grfext)             \AppendGraphicsExtensions on input line 452.

(/usr/share/texlive/texmf-dist/tex/latex/latexconfig/epstopdf-sys.cfg
File: epstopdf-sys.cfg 2010/07/13 v1.3 Configuration of (r)epstopdf for TeX Liv
e
))
\AtBeginShipoutBox=\box31
Package hyperref Info: Link coloring OFF on input line 82.

(/usr/share/texlive/texmf-dist/tex/latex/hyperref/nameref.sty
Package: nameref 2012/10/27 v2.43 Cross-referencing by name of section

(/usr/share/texlive/texmf-dist/tex/generic/oberdiek/gettitlestring.sty
Package: gettitlestring 2010/12/03 v1.4 Cleanup title references (HO)
)
\c@section@level=\count112
)
LaTeX Info: Redefining \ref on input line 82.
LaTeX Info: Redefining \pageref on input line 82.
LaTeX Info: Redefining \nameref on input line 82.

(./dissertation.out) (./dissertation.out)
\@outlinefile=\write3
\openout3 = `dissertation.out'.


(/usr/share/texlive/texmf-dist/tex/latex/amsmath/amsmath.sty
Package: amsmath 2013/01/14 v2.14 AMS math features
\@mathmargin=\skip59

For additional information on amsmath, use the `?' option.
(/usr/share/texlive/texmf-dist/tex/latex/amsmath/amstext.sty
Package: amstext 2000/06/29 v2.01

(/usr/share/texlive/texmf-dist/tex/latex/amsmath/amsgen.sty
File: amsgen.sty 1999/11/30 v2.0
\@emptytoks=\toks21
\ex@=\dimen122
))
(/usr/share/texlive/texmf-dist/tex/latex/amsmath/amsbsy.sty
Package: amsbsy 1999/11/29 v1.2d
\pmbraise@=\dimen123
)
(/usr/share/texlive/texmf-dist/tex/latex/amsmath/amsopn.sty
Package: amsopn 1999/12/14 v2.01 operator names
)
\inf@bad=\count113
LaTeX Info: Redefining \frac on input line 210.
\uproot@=\count114
\leftroot@=\count115
LaTeX Info: Redefining \overline on input line 306.
\classnum@=\count116
\DOTSCASE@=\count117
LaTeX Info: Redefining \ldots on input line 378.
LaTeX Info: Redefining \dots on input line 381.
LaTeX Info: Redefining \cdots on input line 466.
\Mathstrutbox@=\box32
\strutbox@=\box33
\big@size=\dimen124
LaTeX Font Info:    Redeclaring font encoding OML on input line 566.
LaTeX Font Info:    Redeclaring font encoding OMS on input line 567.
\macc@depth=\count118
\c@MaxMatrixCols=\count119
\dotsspace@=\muskip11
\c@parentequation=\count120
\dspbrk@lvl=\count121
\tag@help=\toks22
\row@=\count122
\column@=\count123
\maxfields@=\count124
\andhelp@=\toks23
\eqnshift@=\dimen125
\alignsep@=\dimen126
\tagshift@=\dimen127
\tagwidth@=\dimen128
\totwidth@=\dimen129
\lineht@=\dimen130
\@envbody=\toks24
\multlinegap=\skip60
\multlinetaggap=\skip61
\mathdisplay@stack=\toks25
LaTeX Info: Redefining \[ on input line 2665.
LaTeX Info: Redefining \] on input line 2666.
)
(/usr/share/texlive/texmf-dist/tex/latex/amsfonts/amssymb.sty
Package: amssymb 2013/01/14 v3.01 AMS font symbols

(/usr/share/texlive/texmf-dist/tex/latex/amsfonts/amsfonts.sty
Package: amsfonts 2013/01/14 v3.01 Basic AMSFonts support
\symAMSa=\mathgroup5
\symAMSb=\mathgroup6
LaTeX Font Info:    Overwriting math alphabet `\mathfrak' in version `bold'
(Font)                  U/euf/m/n --> U/euf/b/n on input line 106.
))
(/usr/share/texlive/texmf-dist/tex/latex/float/float.sty
Package: float 2001/11/08 v1.3d Float enhancements (AL)
\c@float@type=\count125
\float@exts=\toks26
\float@box=\box34
\@float@everytoks=\toks27
\@floatcapt=\box35
)
(/usr/share/texlive/texmf-dist/tex/latex/graphics/lscape.sty
Package: lscape 2000/10/22 v3.01 Landscape Pages (DPC)
)
(/usr/share/texlive/texmf-dist/tex/latex/booktabs/booktabs.sty
Package: booktabs 2005/04/14 v1.61803 publication quality tables
\heavyrulewidth=\dimen131
\lightrulewidth=\dimen132
\cmidrulewidth=\dimen133
\belowrulesep=\dimen134
\belowbottomsep=\dimen135
\aboverulesep=\dimen136
\abovetopsep=\dimen137
\cmidrulesep=\dimen138
\cmidrulekern=\dimen139
\defaultaddspace=\dimen140
\@cmidla=\count126
\@cmidlb=\count127
\@aboverulesep=\dimen141
\@belowrulesep=\dimen142
\@thisruleclass=\count128
\@lastruleclass=\count129
\@thisrulewidth=\dimen143
)
(/usr/share/texlive/texmf-dist/tex/latex/rotating/rotating.sty
Package: rotating 2009/03/28 v2.16a rotated objects in LaTeX
\c@r@tfl@t=\count130
\rotFPtop=\skip62
\rotFPbot=\skip63
\rot@float@box=\box36
\rot@mess@toks=\toks28
)
(/usr/share/texlive/texmf-dist/tex/latex/setspace/setspace.sty
Package: setspace 2011/12/19 v6.7a set line spacing
)
Pagestyle and spacing normal
LaTeX Font Info:    Try loading font information for U+lasy on input line 98.
(/usr/share/texlive/texmf-dist/tex/latex/base/ulasy.fd
File: ulasy.fd 1998/08/17 v2.2e LaTeX symbol font definitions
)
LaTeX Font Info:    Try loading font information for U+msa on input line 98.

(/usr/share/texlive/texmf-dist/tex/latex/amsfonts/umsa.fd
File: umsa.fd 2013/01/14 v3.01 AMS symbols A
)
LaTeX Font Info:    Try loading font information for U+msb on input line 98.

(/usr/share/texlive/texmf-dist/tex/latex/amsfonts/umsb.fd
File: umsb.fd 2013/01/14 v3.01 AMS symbols B
) [1




{/var/lib/texmf/fonts/map/pdftex/updmap/pdftex.map}]
Abstract page(s)
pdfTeX warning (ext4): destination with the same identifier (name{page.i}) has 
been already used, duplicate ignored
<to be read again> 
                   \relax 
l.119 \end{abstract}
                     [1

] (./dissertation.toc [2

] [3])
\tf@toc=\write4
\openout4 = `dissertation.toc'.

 [4]
List of figures - FIGURES
(./dissertation.lof [5

] [6] [7]
Overfull \hbox (19.1451pt too wide) in paragraph at lines 43--43
 \OT1/cmr/m/n/12 ten-sor, $\OT1/cmr/bx/n/12 T[]\OT1/cmr/m/n/12 (\OML/cmm/m/it/1
2 r\OT1/cmr/m/n/12 )$, gov-ern-ing in-ter-ac-tions be-tween molec-u-lar quadrup
oles 
 []

)
\tf@lof=\write5
\openout5 = `dissertation.lof'.

 [8]
List of tables - TABLES
(./dissertation.lot)
\tf@lot=\write6
\openout6 = `dissertation.lot'.

 [9

]
\openout2 = `chapter1.aux'.

 (./chapter1.tex
CHAPTER 1.
[1



] [2] <MD_flowchart.pdf, id=548, 505.89pt x 642.4pt>
File: MD_flowchart.pdf Graphic file (type pdf)
 <use MD_flowchart.pdf>
Package pdftex.def Info: MD_flowchart.pdf used on input line 60.
(pdftex.def)             Requested size: 416.0pt x 528.26135pt.

[3] [4pdfTeX warning (ext4): destination with the same identifier (name{equatio
n.1.1.1}) has been already used, duplicate ignored

\AtBegShi@Output ...ipout \box \AtBeginShipoutBox 
                                                  \fi \fi 
l.82 I
      n MD simulations, the intermolecular interactions are the most expensi...
pdfTeX warning (ext4): destination with the same identifier (name{equation.1.1.
2}) has been already used, duplicate ignored

\AtBegShi@Output ...ipout \box \AtBeginShipoutBox 
                                                  \fi \fi 
l.82 I
      n MD simulations, the intermolecular interactions are the most expensi...
] [5pdfTeX warning (ext4): destination with the same identifier (name{figure.1.
1}) has been already used, duplicate ignored

\AtBegShi@Output ...ipout \box \AtBeginShipoutBox 
                                                  \fi \fi 
l.82 I
      n MD simulations, the intermolecular interactions are the most expensi...
 <./MD_flowchart.pdf>] [6] <PBC.pdf, id=598, 581.17125pt x 578.16pt>
File: PBC.pdf Graphic file (type pdf)

<use PBC.pdf>
Package pdftex.def Info: PBC.pdf used on input line 105.
(pdftex.def)             Requested size: 416.0pt x 413.84883pt.
 [7] [8pdfTeX warning (ext4): destination with the same identifier (name{figure
.1.2}) has been already used, duplicate ignored

\AtBegShi@Output ...ipout \box \AtBeginShipoutBox 
                                                  \fi \fi 
l.113 
       <./PBC.pdf>] <neighbourList.pdf, id=626, 573.14125pt x 197.73875pt>
File: neighbourList.pdf Graphic file (type pdf)

<use neighbourList.pdf>
Package pdftex.def Info: neighbourList.pdf used on input line 117.
(pdftex.def)             Requested size: 416.0pt x 143.52437pt.
 [9] [10pdfTeX warning (ext4): destination with the same identifier (name{figur
e.1.3}) has been already used, duplicate ignored

\AtBegShi@Output ...ipout \box \AtBeginShipoutBox 
                                                  \fi \fi 
l.130 \begin{equation}
                       <./neighbourList.pdf>]
! Undefined control sequence.
l.144 ... method was originally proposed by \texit
                                                  {Ewald} in 1921 to evaluat...
The control sequence at the end of the top line
of your error message was never \def'ed. If you have
misspelled it (e.g., `\hobx'), type `I' and the correct
spelling (e.g., `I\hbox'). Otherwise just continue,
and I'll forget about whatever was undefined.

[11] [12] <Ewaldsum.pdf, id=685, 545.03625pt x 290.08376pt>
File: Ewaldsum.pdf Graphic file (type pdf)
 <use Ewaldsum.pdf>
Package pdftex.def Info: Ewaldsum.pdf used on input line 171.
(pdftex.def)             Requested size: 416.0pt x 221.40431pt.

[13] [14pdfTeX warning (ext4): destination with the same identifier (name{figur
e.1.4}) has been already used, duplicate ignored

\AtBegShi@Output ...ipout \box \AtBeginShipoutBox 
                                                  \fi \fi 
l.181 
       <./Ewaldsum.pdf>] <PM_method.pdf, id=716, 541.02126pt x 546.04pt>
File: PM_method.pdf Graphic file (type pdf)

<use PM_method.pdf>
Package pdftex.def Info: PM_method.pdf used on input line 184.
(pdftex.def)             Requested size: 416.0pt x 419.86887pt.
 [15] [16pdfTeX warning (ext4): destination with the same identifier (name{figu
re.1.5}) has been already used, duplicate ignored

\AtBegShi@Output ...ipout \box \AtBeginShipoutBox 
                                                  \fi \fi 
l.194 
       <./PM_method.pdf>] [17]
<1D_2DCrystal.pdf, id=756, 551.05875pt x 332.24126pt>
File: 1D_2DCrystal.pdf Graphic file (type pdf)
 <use 1D_2DCrystal.pdf>
Package pdftex.def Info: 1D_2DCrystal.pdf used on input line 212.
(pdftex.def)             Requested size: 416.0pt x 250.82286pt.

[18] [19pdfTeX warning (ext4): destination with the same identifier (name{figur
e.1.6}) has been already used, duplicate ignored

\AtBegShi@Output ...ipout \box \AtBeginShipoutBox 
                                                  \fi \fi 
l.221 
       <./1D_2DCrystal.pdf>]
<energyVsCutoff.png, id=798, 745.78625pt x 489.83pt>
File: energyVsCutoff.png Graphic file (type png)
 <use energyVsCutoff.png>
Package pdftex.def Info: energyVsCutoff.png used on input line 224.
(pdftex.def)             Requested size: 416.0pt x 273.22664pt.

<energyVsNetcharge.png, id=799, 742.775pt x 491.8375pt>
File: energyVsNetcharge.png Graphic file (type png)

<use energyVsNetcharge.png>
Package pdftex.def Info: energyVsNetcharge.png used on input line 232.
(pdftex.def)             Requested size: 416.0pt x 275.46463pt.
 [20] [21pdfTeX warning (ext4): destination with the same identifier (name{figu
re.1.7}) has been already used, duplicate ignored

\AtBegShi@Output ...ipout \box \AtBeginShipoutBox 
                                                  \fi \fi 
l.238 
       <./energyVsCutoff.png>] [22pdfTeX warning (ext4): destination with the s
ame identifier (name{figure.1.8}) has been already used, duplicate ignored

\AtBegShi@Output ...ipout \box \AtBeginShipoutBox 
                                                  \fi \fi 
l.238 
       <./energyVsNetcharge.png>]) [23]
\openout2 = `chapter2.aux'.

 (./chapter2.tex
CHAPTER 2.
[24



] [25] [26]
Overfull \hbox (23.32445pt too wide) detected at line 147
\OML/cmm/m/it/12 U[]\OT1/cmr/m/n/12 (\OML/cmm/m/it/12 r[]\OT1/cmr/m/n/12 ) = \O
ML/cmm/m/it/12 C[]C[][][] \OMS/cmsy/m/n/12 ^^@ [] \OT1/cmr/m/n/12 + [] [] [][]
 []

[27]
Package epstopdf Info: Source file: <SM.eps>
(epstopdf)                    date: 2014-07-23 09:30:24
(epstopdf)                    size: 92515 bytes
(epstopdf)             Output file: <SM-eps-converted-to.pdf>
(epstopdf)                    date: 2016-02-29 12:33:38
(epstopdf)                    size: 25830 bytes
(epstopdf)             Command: <repstopdf --outfile=SM-eps-converted-to.pdf SM
.eps>
(epstopdf)             \includegraphics on input line 178.
Package epstopdf Info: Output file is already uptodate.
 <SM-eps-converted-to.pdf, id=909, 225.84375pt x 251.94125pt>
File: SM-eps-converted-to.pdf Graphic file (type pdf)

<use SM-eps-converted-to.pdf>
Package pdftex.def Info: SM-eps-converted-to.pdf used on input line 178.
(pdftex.def)             Requested size: 180.67523pt x 201.55327pt.
 [28] [29pdfTeX warning (ext4): destination with the same identifier (name{figu
re.2.1}) has been already used, duplicate ignored

\AtBegShi@Output ...ipout \box \AtBeginShipoutBox 
                                                  \fi \fi 
l.231 \begin{align}
                    <./SM-eps-converted-to.pdf>] [30] [31] [32] [33] [34]
[35] [36]
Overfull \hbox (8.56842pt too wide) detected at line 533
\OT1/cmr/bx/n/12 F[] \OT1/cmr/m/n/12 = \OMS/cmsy/m/n/12 ^^@\OT1/cmr/bx/n/12 F[]
 \OT1/cmr/m/n/12 = \OMS/cmsy/m/n/12 r\OML/cmm/m/it/12 U \OT1/cmr/m/n/12 = [] = 
[][] + [] [] \OML/cmm/m/it/12 :
 []

[37]

Package natbib Warning: Citation `PaperI' on page 38 undefined on input line 59
0.

[38]

! LaTeX Error: Environment ruledtabular undefined.

See the LaTeX manual or LaTeX Companion for explanation.
Type  H <return>  for immediate help.
 ...                                              
                                                  
l.632 \begin{ruledtabular}
                          
Your command was ignored.
Type  I <command> <return>  to replace it with another command,
or  <return>  to continue without it.


! LaTeX Error: \begin{table*} on input line 628 ended by \end{ruledtabular}.

See the LaTeX manual or LaTeX Companion for explanation.
Type  H <return>  for immediate help.
 ...                                              
                                                  
l.644 \end{ruledtabular}
                        
Your command was ignored.
Type  I <command> <return>  to replace it with another command,
or  <return>  to continue without it.

[39pdfTeX warning (ext4): destination with the same identifier (name{table.2.1}
) has been already used, duplicate ignored

\AtBegShi@Output ...ipout \box \AtBeginShipoutBox 
                                                  \fi \fi 
l.660 
      ] [40] [41] [42pdfTeX warning (ext4): destination with the same identifie
r (name{table.2.2}) has been already used, duplicate ignored

\AtBegShi@Output ...ipout \box \AtBeginShipoutBox 
                                                  \fi \fi 
l.1169 \end{align}
                  ] [43pdfTeX warning (ext4): destination with the same identif
ier (name{table.2.3}) has been already used, duplicate ignored

\AtBegShi@Output ...ipout \box \AtBeginShipoutBox 
                                                  \fi \fi 
l.1169 \end{align}
                  ] [44] [45] [46]
<Dipoles_rcut_threeAlpha.pdf, id=1106, 707.64375pt x 499.8675pt>
File: Dipoles_rcut_threeAlpha.pdf Graphic file (type pdf)

<use Dipoles_rcut_threeAlpha.pdf>
Package pdftex.def Info: Dipoles_rcut_threeAlpha.pdf used on input line 1382.
(pdftex.def)             Requested size: 416.0pt x 293.85905pt.
 [47] [48pdfTeX warning (ext4): destination with the same identifier (name{figu
re.2.2}) has been already used, duplicate ignored

\AtBegShi@Output ...ipout \box \AtBeginShipoutBox 
                                                  \fi \fi 
l.1418 
        <./Dipoles_rcut_threeAlpha.pdf>]
Overfull \hbox (0.529pt too wide) in paragraph at lines 1419--1421
[]\OT1/cmr/m/n/12 In anal-ogy to the dipo-lar ar-rays, the to-tal elec-tro-stat
ic en-ergy for the quadrupo-
 []


Overfull \hbox (9.56784pt too wide) in paragraph at lines 1433--1441
\OT1/cmr/m/n/12 very large, $\OML/cmm/m/it/12 N \OT1/cmr/m/n/12 =$ 8,000 (sc), 
16,000 (bcc), and 32,000 (fcc) ar-rays of lin-ear quadrupoles
 []

Package epstopdf Info: Source file: <Quadrupoles_rcut_threeAlpha.eps>
(epstopdf)                    date: 2014-08-06 16:34:10
(epstopdf)                    size: 486209 bytes
(epstopdf)             Output file: <Quadrupoles_rcut_threeAlpha-eps-converted-
to.pdf>
(epstopdf)                    date: 2016-02-29 15:50:16
(epstopdf)                    size: 59598 bytes
(epstopdf)             Command: <repstopdf --outfile=Quadrupoles_rcut_threeAlph
a-eps-converted-to.pdf Quadrupoles_rcut_threeAlpha.eps>
(epstopdf)             \includegraphics on input line 1443.
Package epstopdf Info: Output file is already uptodate.

<Quadrupoles_rcut_threeAlpha-eps-converted-to.pdf, id=1137, 672.5125pt x 499.86
75pt>
File: Quadrupoles_rcut_threeAlpha-eps-converted-to.pdf Graphic file (type pdf)
 <use Quadrupoles_rcut_threeAlpha-eps-converted-to.pdf>
Package pdftex.def Info: Quadrupoles_rcut_threeAlpha-eps-converted-to.pdf used 
on input line 1443.
(pdftex.def)             Requested size: 416.0pt x 309.20529pt.
 [49] [50pdfTeX warning (ext4): destination with the same identifier (name{figu
re.2.3}) has been already used, duplicate ignored

\AtBegShi@Output ...ipout \box \AtBeginShipoutBox 
                                                  \fi \fi 
l.1485 
        <./Quadrupoles_rcut_threeAlpha-eps-converted-to.pdf>] [51] [52])
[53]
\openout2 = `chapter3.aux'.

 (./chapter3.tex
CHAPTER 3.
! Undefined control sequence.
l.45 \ref{fig:schematic}). If one views the \ce
                                               {NaCl} crystal as a simple
The control sequence at the end of the top line
of your error message was never \def'ed. If you have
misspelled it (e.g., `\hobx'), type `I' and the correct
spelling (e.g., `I\hbox'). Otherwise just continue,
and I'll forget about whatever was undefined.

! Undefined control sequence.
l.46 cubic (SC) structure with an octupolar \ce
                                               {(NaCl)4} basis, the
The control sequence at the end of the top line
of your error message was never \def'ed. If you have
misspelled it (e.g., `\hobx'), type `I' and the correct
spelling (e.g., `I\hbox'). Otherwise just continue,
and I'll forget about whatever was undefined.

! Undefined control sequence.
l.51 complete \ce
                 {(NaCl)4} molecules.\cite{Lacman65} The central ion sees
The control sequence at the end of the top line
of your error message was never \def'ed. If you have
misspelled it (e.g., `\hobx'), type `I' and the correct
spelling (e.g., `I\hbox'). Otherwise just continue,
and I'll forget about whatever was undefined.


Package natbib Warning: Citation `Lacman65' on page 54 undefined on input line 
51.

[54



]

Package natbib Warning: Citation `Zahn0' on page 55 undefined on input line 71.


Package epstopdf Info: Source file: <schematic.eps>
(epstopdf)                    date: 2014-07-23 09:30:23
(epstopdf)                    size: 4048240 bytes
(epstopdf)             Output file: <schematic-eps-converted-to.pdf>
(epstopdf)                    date: 2016-03-04 11:49:48
(epstopdf)                    size: 834227 bytes
(epstopdf)             Command: <repstopdf --outfile=schematic-eps-converted-to
.pdf schematic.eps>
(epstopdf)             \includegraphics on input line 79.
Package epstopdf Info: Output file is already uptodate.
<schematic-eps-converted-to.pdf, id=1205, 451.6875pt x 446.66875pt>
File: schematic-eps-converted-to.pdf Graphic file (type pdf)

<use schematic-eps-converted-to.pdf>
Package pdftex.def Info: schematic-eps-converted-to.pdf used on input line 79.
(pdftex.def)             Requested size: 416.0pt x 411.40369pt.


LaTeX Warning: Float too large for page by 1.737pt on input line 91.

[55] [56pdfTeX warning (ext4): destination with the same identifier (name{figur
e.3.1}) has been already used, duplicate ignored

\AtBegShi@Output ...ipout \box \AtBeginShipoutBox 
                                                  \fi \fi 
l.110 
       <./schematic-eps-converted-to.pdf>] [57]

Package natbib Warning: Citation `Kannam13' on page 58 undefined on input line 
144.

! Undefined control sequence.
<argument> ...ules with 48 dissolved ions (24 \ce 
                                                  {Na+} and 24 \ce {Cl-} ion...
l.165 ...eloped in the chapter 2.\label{tab:pars}}
                                                  
The control sequence at the end of the top line
of your error message was never \def'ed. If you have
misspelled it (e.g., `\hobx'), type `I' and the correct
spelling (e.g., `I\hbox'). Otherwise just continue,
and I'll forget about whatever was undefined.

! Undefined control sequence.
<argument> ...olved ions (24 \ce {Na+} and 24 \ce 
                                                  {Cl-} ions). This test exe...
l.165 ...eloped in the chapter 2.\label{tab:pars}}
                                                  
The control sequence at the end of the top line
of your error message was never \def'ed. If you have
misspelled it (e.g., `\hobx'), type `I' and the correct
spelling (e.g., `I\hbox'). Otherwise just continue,
and I'll forget about whatever was undefined.

! Undefined control sequence.
<argument> ...ules with 48 dissolved ions (24 \ce 
                                                  {Na+} and 24 \ce {Cl-} ion...
l.165 ...eloped in the chapter 2.\label{tab:pars}}
                                                  
The control sequence at the end of the top line
of your error message was never \def'ed. If you have
misspelled it (e.g., `\hobx'), type `I' and the correct
spelling (e.g., `I\hbox'). Otherwise just continue,
and I'll forget about whatever was undefined.

! Undefined control sequence.
<argument> ...olved ions (24 \ce {Na+} and 24 \ce 
                                                  {Cl-} ions). This test exe...
l.165 ...eloped in the chapter 2.\label{tab:pars}}
                                                  
The control sequence at the end of the top line
of your error message was never \def'ed. If you have
misspelled it (e.g., `\hobx'), type `I' and the correct
spelling (e.g., `I\hbox'). Otherwise just continue,
and I'll forget about whatever was undefined.

! Undefined control sequence.
<argument> ...ules with 48 dissolved ions (24 \ce 
                                                  {Na+} and 24 \ce {Cl-} ion...
l.165 ...eloped in the chapter 2.\label{tab:pars}}
                                                  
The control sequence at the end of the top line
of your error message was never \def'ed. If you have
misspelled it (e.g., `\hobx'), type `I' and the correct
spelling (e.g., `I\hbox'). Otherwise just continue,
and I'll forget about whatever was undefined.

! Undefined control sequence.
<argument> ...olved ions (24 \ce {Na+} and 24 \ce 
                                                  {Cl-} ions). This test exe...
l.165 ...eloped in the chapter 2.\label{tab:pars}}
                                                  
The control sequence at the end of the top line
of your error message was never \def'ed. If you have
misspelled it (e.g., `\hobx'), type `I' and the correct
spelling (e.g., `I\hbox'). Otherwise just continue,
and I'll forget about whatever was undefined.

! Package array Error:  Illegal pream-token (Y): `c' used.

See the array package documentation for explanation.
Type  H <return>  for immediate help.
 ...                                              
                                                  
l.181 \end{tabularx}
                    
Try typing  <return>  to proceed.
If that doesn't work, type  X <return>  to quit.

! Package array Error:  Illegal pream-token (Y): `c' used.

See the array package documentation for explanation.
Type  H <return>  for immediate help.
 ...                                              
                                                  
l.181 \end{tabularx}
                    
Try typing  <return>  to proceed.
If that doesn't work, type  X <return>  to quit.

! Package array Error:  Illegal pream-token (Y): `c' used.

See the array package documentation for explanation.
Type  H <return>  for immediate help.
 ...                                              
                                                  
l.181 \end{tabularx}
                    
Try typing  <return>  to proceed.
If that doesn't work, type  X <return>  to quit.

! Undefined control sequence.
<recently read> \ce 
                    
l.181 \end{tabularx}
                    
The control sequence at the end of the top line
of your error message was never \def'ed. If you have
misspelled it (e.g., `\hobx'), type `I' and the correct
spelling (e.g., `I\hbox'). Otherwise just continue,
and I'll forget about whatever was undefined.

! Undefined control sequence.
<recently read> \ce 
                    
l.181 \end{tabularx}
                    
The control sequence at the end of the top line
of your error message was never \def'ed. If you have
misspelled it (e.g., `\hobx'), type `I' and the correct
spelling (e.g., `I\hbox'). Otherwise just continue,
and I'll forget about whatever was undefined.


! Package array Error:  Illegal pream-token (Y): `c' used.

See the array package documentation for explanation.
Type  H <return>  for immediate help.
 ...                                              
                                                  
l.181 \end{tabularx}
                    
Try typing  <return>  to proceed.
If that doesn't work, type  X <return>  to quit.


! Package array Error:  Illegal pream-token (Y): `c' used.

See the array package documentation for explanation.
Type  H <return>  for immediate help.
 ...                                              
                                                  
l.181 \end{tabularx}
                    
Try typing  <return>  to proceed.
If that doesn't work, type  X <return>  to quit.


! Package array Error:  Illegal pream-token (Y): `c' used.

See the array package documentation for explanation.
Type  H <return>  for immediate help.
 ...                                              
                                                  
l.181 \end{tabularx}
                    
Try typing  <return>  to proceed.
If that doesn't work, type  X <return>  to quit.

! Undefined control sequence.
<recently read> \ce 
                    
l.181 \end{tabularx}
                    
The control sequence at the end of the top line
of your error message was never \def'ed. If you have
misspelled it (e.g., `\hobx'), type `I' and the correct
spelling (e.g., `I\hbox'). Otherwise just continue,
and I'll forget about whatever was undefined.

! Undefined control sequence.
<recently read> \ce 
                    
l.181 \end{tabularx}
                    
The control sequence at the end of the top line
of your error message was never \def'ed. If you have
misspelled it (e.g., `\hobx'), type `I' and the correct
spelling (e.g., `I\hbox'). Otherwise just continue,
and I'll forget about whatever was undefined.


Underfull \hbox (badness 10000) in alignment at lines 181--181
[][][][][][][][][][][][] 
 []

[58] [59pdfTeX warning (ext4): destination with the same identifier (name{table
.3.1}) has been already used, duplicate ignored

\AtBegShi@Output ...ipout \box \AtBeginShipoutBox 
                                                  \fi \fi 
l.200 
      ]

Package natbib Warning: Citation `openmd2.3' on page 60 undefined on input line
 220.

[60]

Package natbib Warning: Citation `PaperI' on page 61 undefined on input line 23
2.

[61]
! Undefined control sequence.
l.282 into 24 \ce
                 {Na+} and 24 \ce{Cl-} ions and re-equilibrated. After
The control sequence at the end of the top line
of your error message was never \def'ed. If you have
misspelled it (e.g., `\hobx'), type `I' and the correct
spelling (e.g., `I\hbox'). Otherwise just continue,
and I'll forget about whatever was undefined.

! Undefined control sequence.
l.282 into 24 \ce{Na+} and 24 \ce
                                 {Cl-} ions and re-equilibrated. After
The control sequence at the end of the top line
of your error message was never \def'ed. If you have
misspelled it (e.g., `\hobx'), type `I' and the correct
spelling (e.g., `I\hbox'). Otherwise just continue,
and I'll forget about whatever was undefined.

[62] [63]

Package natbib Warning: Citation `fisher53' on page 64 undefined on input line 
333.


Package natbib Warning: Citation `Allen91' on page 64 undefined on input line 3
34.

[64]
! Undefined control sequence.
l.364 ...2000 soft DQ liquid molecules with 24 \ce
                                                  {Na+} and 24
The control sequence at the end of the top line
of your error message was never \def'ed. If you have
misspelled it (e.g., `\hobx'), type `I' and the correct
spelling (e.g., `I\hbox'). Otherwise just continue,
and I'll forget about whatever was undefined.

! Undefined control sequence.
l.365 \ce
         {Cl-} ions was run for 1 ns in the microcanonical ensemble at an
The control sequence at the end of the top line
of your error message was never \def'ed. If you have
misspelled it (e.g., `\hobx'), type `I' and the correct
spelling (e.g., `I\hbox'). Otherwise just continue,
and I'll forget about whatever was undefined.

Package epstopdf Info: Source file: <energyPlot_slopeCorrelation_combined.eps>
(epstopdf)                    date: 2014-09-25 09:47:34
(epstopdf)                    size: 357743 bytes
(epstopdf)             Output file: <energyPlot_slopeCorrelation_combined-eps-c
onverted-to.pdf>
(epstopdf)                    date: 2016-03-04 11:46:45
(epstopdf)                    size: 33657 bytes
(epstopdf)             Command: <repstopdf --outfile=energyPlot_slopeCorrelatio
n_combined-eps-converted-to.pdf energyPlot_slopeCorrelation_combined.eps>
(epstopdf)             \includegraphics on input line 381.
Package epstopdf Info: Output file is already uptodate.

<energyPlot_slopeCorrelation_combined-eps-converted-to.pdf, id=1290, 415.5525pt
 x 773.89125pt>
File: energyPlot_slopeCorrelation_combined-eps-converted-to.pdf Graphic file (t
ype pdf)

<use energyPlot_slopeCorrelation_combined-eps-converted-to.pdf>
Package pdftex.def Info: energyPlot_slopeCorrelation_combined-eps-converted-to.
pdf used on input line 381.
(pdftex.def)             Requested size: 249.60254pt x 464.83429pt.


LaTeX Warning: Float too large for page by 0.1676pt on input line 390.

[65] [66] [67pdfTeX warning (ext4): destination with the same identifier (name{
figure.3.2}) has been already used, duplicate ignored

\AtBegShi@Output ...ipout \box \AtBeginShipoutBox 
                                                  \fi \fi 
l.426 
       <./energyPlot_slopeCorrelation_combined-eps-converted-to.pdf>] [68]
Package epstopdf Info: Source file: <forcePlot_slopeCorrelation_combined.eps>
(epstopdf)                    date: 2014-09-25 09:47:33
(epstopdf)                    size: 341273 bytes
(epstopdf)             Output file: <forcePlot_slopeCorrelation_combined-eps-co
nverted-to.pdf>
(epstopdf)                    date: 2016-03-04 11:46:46
(epstopdf)                    size: 34168 bytes
(epstopdf)             Command: <repstopdf --outfile=forcePlot_slopeCorrelation
_combined-eps-converted-to.pdf forcePlot_slopeCorrelation_combined.eps>
(epstopdf)             \includegraphics on input line 459.
Package epstopdf Info: Output file is already uptodate.

<forcePlot_slopeCorrelation_combined-eps-converted-to.pdf, id=1326, 416.55624pt
 x 769.87625pt>
File: forcePlot_slopeCorrelation_combined-eps-converted-to.pdf Graphic file (ty
pe pdf)
 <use forcePlot_slopeCorrelation_combined-eps-converted-to.pdf>
Package pdftex.def Info: forcePlot_slopeCorrelation_combined-eps-converted-to.p
df used on input line 459.
(pdftex.def)             Requested size: 249.60254pt x 461.31845pt.
Package epstopdf Info: Source file: <torquePlot_slopeCorrelation_combined.eps>
(epstopdf)                    date: 2014-09-25 09:47:33
(epstopdf)                    size: 348619 bytes
(epstopdf)             Output file: <torquePlot_slopeCorrelation_combined-eps-c
onverted-to.pdf>
(epstopdf)                    date: 2016-03-04 11:46:47
(epstopdf)                    size: 35502 bytes
(epstopdf)             Command: <repstopdf --outfile=torquePlot_slopeCorrelatio
n_combined-eps-converted-to.pdf torquePlot_slopeCorrelation_combined.eps>
(epstopdf)             \includegraphics on input line 473.
Package epstopdf Info: Output file is already uptodate.

<torquePlot_slopeCorrelation_combined-eps-converted-to.pdf, id=1327, 423.5825pt
 x 768.8725pt>
File: torquePlot_slopeCorrelation_combined-eps-converted-to.pdf Graphic file (t
ype pdf)
 <use torquePlot_slopeCorrelation_combined-eps-converted-to.pdf>
Package pdftex.def Info: torquePlot_slopeCorrelation_combined-eps-converted-to.
pdf used on input line 473.
(pdftex.def)             Requested size: 249.60254pt x 453.0677pt.

[69] [70pdfTeX warning (ext4): destination with the same identifier (name{figur
e.3.3}) has been already used, duplicate ignored

\AtBegShi@Output ...ipout \box \AtBeginShipoutBox 
                                                  \fi \fi 
l.521 
       <./forcePlot_slopeCorrelation_combined-eps-converted-to.pdf>] [71pdfTeX 
warning (ext4): destination with the same identifier (name{figure.3.4}) has bee
n already used, duplicate ignored

\AtBegShi@Output ...ipout \box \AtBeginShipoutBox 
                                                  \fi \fi 
l.521 
       <./torquePlot_slopeCorrelation_combined-eps-converted-to.pdf>]
Package epstopdf Info: Source file: <Variance_forceNtorque_modified.eps>
(epstopdf)                    date: 2014-07-23 09:30:23
(epstopdf)                    size: 350774 bytes
(epstopdf)             Output file: <Variance_forceNtorque_modified-eps-convert
ed-to.pdf>
(epstopdf)                    date: 2016-03-04 11:46:47
(epstopdf)                    size: 35394 bytes
(epstopdf)             Command: <repstopdf --outfile=Variance_forceNtorque_modi
fied-eps-converted-to.pdf Variance_forceNtorque_modified.eps>
(epstopdf)             \includegraphics on input line 532.
Package epstopdf Info: Output file is already uptodate.

<Variance_forceNtorque_modified-eps-converted-to.pdf, id=1368, 423.5825pt x 770
.88pt>
File: Variance_forceNtorque_modified-eps-converted-to.pdf Graphic file (type pd
f)
 <use Variance_forceNtorque_modified-eps-converted-to.pdf>
Package pdftex.def Info: Variance_forceNtorque_modified-eps-converted-to.pdf us
ed on input line 532.
(pdftex.def)             Requested size: 270.39746pt x 492.11469pt.


LaTeX Warning: Float too large for page by 12.948pt on input line 540.

[72] [73pdfTeX warning (ext4): destination with the same identifier (name{figur
e.3.5}) has been already used, duplicate ignored

\AtBegShi@Output ...ipout \box \AtBeginShipoutBox 
                                                  \fi \fi 
l.561 I
       n figure~\ref{fig:energyDrift} we show the both the linear drift in <./V
ariance_forceNtorque_modified-eps-converted-to.pdf>]
Package epstopdf Info: Source file: <finalDrift.eps>
(epstopdf)                    date: 2014-09-25 09:47:34
(epstopdf)                    size: 362693 bytes
(epstopdf)             Output file: <finalDrift-eps-converted-to.pdf>
(epstopdf)                    date: 2016-03-04 11:46:48
(epstopdf)                    size: 39467 bytes
(epstopdf)             Command: <repstopdf --outfile=finalDrift-eps-converted-t
o.pdf finalDrift.eps>
(epstopdf)             \includegraphics on input line 580.
Package epstopdf Info: Output file is already uptodate.

<finalDrift-eps-converted-to.pdf, id=1391, 660.4675pt x 513.92pt>
File: finalDrift-eps-converted-to.pdf Graphic file (type pdf)

<use finalDrift-eps-converted-to.pdf>
Package pdftex.def Info: finalDrift-eps-converted-to.pdf used on input line 580
.
(pdftex.def)             Requested size: 416.0pt x 323.70857pt.
 [74] [75pdfTeX warning (ext4): destination with the same identifier (name{figu
re.3.6}) has been already used, duplicate ignored

\AtBegShi@Output ...ipout \box \AtBeginShipoutBox 
                                                  \fi \fi 
l.622 \begin{equation}
                       <./finalDrift-eps-converted-to.pdf>] [76] [77]
Package epstopdf Info: Source file: <properties.eps>
(epstopdf)                    date: 2014-09-25 09:47:34
(epstopdf)                    size: 364779 bytes
(epstopdf)             Output file: <properties-eps-converted-to.pdf>
(epstopdf)                    date: 2016-03-04 11:46:48
(epstopdf)                    size: 39120 bytes
(epstopdf)             Command: <repstopdf --outfile=properties-eps-converted-t
o.pdf properties.eps>
(epstopdf)             \includegraphics on input line 707.
Package epstopdf Info: Output file is already uptodate.

<properties-eps-converted-to.pdf, id=1431, 700.6175pt x 594.22pt>
File: properties-eps-converted-to.pdf Graphic file (type pdf)

<use properties-eps-converted-to.pdf>
Package pdftex.def Info: properties-eps-converted-to.pdf used on input line 707
.
(pdftex.def)             Requested size: 416.0pt x 352.83539pt.
 [78] [79pdfTeX warning (ext4): destination with the same identifier (name{figu
re.3.7}) has been already used, duplicate ignored

\AtBegShi@Output ...ipout \box \AtBeginShipoutBox 
                                                  \fi \fi 
l.745 
       <./properties-eps-converted-to.pdf>]
Overfull \hbox (0.4346pt too wide) in paragraph at lines 746--757
\OT1/cmr/m/n/12 model orig-i-nally pro-posed by Zahn \OT1/cmr/m/it/12 et al. \O
T1/cmr/m/n/12 and ex-tended by Fen-nell and Gezelter.[[],
 []

[80] [81]) [82]
\openout2 = `chapter4.aux'.

 (./chapter4.tex
CHAPTER 4.
[83



]
! Undefined control sequence.
<argument> ...} \langle M^2\rangle &= \langle \bm 
                                                  {M}\cdot \bm {M}\rangle - ...
l.71 \end{split}
                
The control sequence at the end of the top line
of your error message was never \def'ed. If you have
misspelled it (e.g., `\hobx'), type `I' and the correct
spelling (e.g., `I\hbox'). Otherwise just continue,
and I'll forget about whatever was undefined.

! Undefined control sequence.
<argument> ...\rangle &= \langle \bm {M}\cdot \bm 
                                                  {M}\rangle - \langle \bm {...
l.71 \end{split}
                
The control sequence at the end of the top line
of your error message was never \def'ed. If you have
misspelled it (e.g., `\hobx'), type `I' and the correct
spelling (e.g., `I\hbox'). Otherwise just continue,
and I'll forget about whatever was undefined.

! Undefined control sequence.
<argument> ...}\cdot \bm {M}\rangle - \langle \bm 
                                                  {M}\rangle \cdot \langle \...
l.71 \end{split}
                
The control sequence at the end of the top line
of your error message was never \def'ed. If you have
misspelled it (e.g., `\hobx'), type `I' and the correct
spelling (e.g., `I\hbox'). Otherwise just continue,
and I'll forget about whatever was undefined.

! Undefined control sequence.
<argument> ...le \bm {M}\rangle \cdot \langle \bm 
                                                  {M}\rangle \\ &= \langle M...
l.71 \end{split}
                
The control sequence at the end of the top line
of your error message was never \def'ed. If you have
misspelled it (e.g., `\hobx'), type `I' and the correct
spelling (e.g., `I\hbox'). Otherwise just continue,
and I'll forget about whatever was undefined.

! Undefined control sequence.
<argument> ...} \langle M^2\rangle &= \langle \bm 
                                                  {M}\cdot \bm {M}\rangle - ...
l.71 \end{split}
                
The control sequence at the end of the top line
of your error message was never \def'ed. If you have
misspelled it (e.g., `\hobx'), type `I' and the correct
spelling (e.g., `I\hbox'). Otherwise just continue,
and I'll forget about whatever was undefined.

! Undefined control sequence.
<argument> ...\rangle &= \langle \bm {M}\cdot \bm 
                                                  {M}\rangle - \langle \bm {...
l.71 \end{split}
                
The control sequence at the end of the top line
of your error message was never \def'ed. If you have
misspelled it (e.g., `\hobx'), type `I' and the correct
spelling (e.g., `I\hbox'). Otherwise just continue,
and I'll forget about whatever was undefined.

! Undefined control sequence.
<argument> ...}\cdot \bm {M}\rangle - \langle \bm 
                                                  {M}\rangle \cdot \langle \...
l.71 \end{split}
                
The control sequence at the end of the top line
of your error message was never \def'ed. If you have
misspelled it (e.g., `\hobx'), type `I' and the correct
spelling (e.g., `I\hbox'). Otherwise just continue,
and I'll forget about whatever was undefined.

! Undefined control sequence.
<argument> ...le \bm {M}\rangle \cdot \langle \bm 
                                                  {M}\rangle \\ &= \langle M...
l.71 \end{split}
                
The control sequence at the end of the top line
of your error message was never \def'ed. If you have
misspelled it (e.g., `\hobx'), type `I' and the correct
spelling (e.g., `I\hbox'). Otherwise just continue,
and I'll forget about whatever was undefined.

[84] [85] [86] [87] [88]
Overfull \hbox (28.23132pt too wide) detected at line 202
\OML/cmm/m/it/12 ^^Q[] \OT1/cmr/m/n/12 = [] \OML/cmm/m/it/12 :
 []


Overfull \hbox (8.04054pt too wide) in paragraph at lines 202--215
\OT1/cmr/m/n/12 Integration of 1st and 2nd terms in the de-nom-i-na-tor gives $
8\OML/cmm/m/it/12 ^^Y[]$ \OT1/cmr/m/n/12 and $8\OML/cmm/m/it/12 ^^Y[]=\OT1/cmr/
m/n/12 3 []\OML/cmm/m/it/12 :[] Tr\OT1/cmr/m/n/12 (\OML/cmm/m/it/12 q[]\OT1/cmr
/m/n/12 )$
 []

[89] [90]
Overfull \hbox (2.09566pt too wide) in paragraph at lines 260--261
[]\OT1/cmr/m/n/12 Analogous for-mula can also be writ-ten for a sys-tem with qu
adrupo-lar molecules,
 []

[91] [92] <DielectricFigure.pdf, id=1598, 442.05783pt x 373.78636pt>
File: DielectricFigure.pdf Graphic file (type pdf)

<use DielectricFigure.pdf>
Package pdftex.def Info: DielectricFigure.pdf used on input line 299.
(pdftex.def)             Requested size: 416.0pt x 351.76988pt.
 [93] [94pdfTeX warning (ext4): destination with the same identifier (name{figu
re.4.1}) has been already used, duplicate ignored

\AtBegShi@Output ...ipout \box \AtBeginShipoutBox 
                                                  \fi \fi 
l.323 \begin{equation}
                       <./DielectricFigure.pdf>] [95]
Overfull \hbox (49.84583pt too wide) in paragraph at lines 374--385
[][]
 []

[96] [97pdfTeX warning (ext4): destination with the same identifier (name{table
.4.1}) has been already used, duplicate ignored

\AtBegShi@Output ...ipout \box \AtBeginShipoutBox 
                                                  \fi \fi 
l.393 \begin{equation}
                      ] [98]

Package natbib Warning: Citation `PaperI' on page 99 undefined on input line 42
0.


Package natbib Warning: Citation `PaperI' on page 99 undefined on input line 42
7.

<QuadrupoleFigure.pdf, id=1681, 443.96887pt x 509.1573pt>
File: QuadrupoleFigure.pdf Graphic file (type pdf)

<use QuadrupoleFigure.pdf>
Package pdftex.def Info: QuadrupoleFigure.pdf used on input line 430.
(pdftex.def)             Requested size: 416.0pt x 477.10849pt.
 [99] [100pdfTeX warning (ext4): destination with the same identifier (name{fig
ure.4.2}) has been already used, duplicate ignored

\AtBegShi@Output ...ipout \box \AtBeginShipoutBox 
                                                  \fi \fi 
l.443 \end{equation}
                     <./QuadrupoleFigure.pdf>]
Overfull \hbox (35.90842pt too wide) detected at line 457
[]\OT1/cmr/m/n/12 ^^B[]([]) = \OML/cmm/m/it/12 ^^O[]^^_[] @[]E[]\OT1/cmr/m/n/12
 ([]) = \OML/cmm/m/it/12 ^^O[]^^_[] []
 []

[101] [102] [103]
! Package array Error:  Illegal pream-token (Y): `c' used.

See the array package documentation for explanation.
Type  H <return>  for immediate help.
 ...                                              
                                                  
l.565 \end{tabularx}
                    
Try typing  <return>  to proceed.
If that doesn't work, type  X <return>  to quit.

! Package array Error:  Illegal pream-token (Y): `c' used.

See the array package documentation for explanation.
Type  H <return>  for immediate help.
 ...                                              
                                                  
l.565 \end{tabularx}
                    
Try typing  <return>  to proceed.
If that doesn't work, type  X <return>  to quit.

! Package array Error:  Illegal pream-token (Y): `c' used.

See the array package documentation for explanation.
Type  H <return>  for immediate help.
 ...                                              
                                                  
l.565 \end{tabularx}
                    
Try typing  <return>  to proceed.
If that doesn't work, type  X <return>  to quit.

! Undefined control sequence.
<recently read> \ce 
                    
l.565 \end{tabularx}
                    
The control sequence at the end of the top line
of your error message was never \def'ed. If you have
misspelled it (e.g., `\hobx'), type `I' and the correct
spelling (e.g., `I\hbox'). Otherwise just continue,
and I'll forget about whatever was undefined.

! Undefined control sequence.
<recently read> \ce 
                    
l.565 \end{tabularx}
                    
The control sequence at the end of the top line
of your error message was never \def'ed. If you have
misspelled it (e.g., `\hobx'), type `I' and the correct
spelling (e.g., `I\hbox'). Otherwise just continue,
and I'll forget about whatever was undefined.


! Package array Error:  Illegal pream-token (Y): `c' used.

See the array package documentation for explanation.
Type  H <return>  for immediate help.
 ...                                              
                                                  
l.565 \end{tabularx}
                    
Try typing  <return>  to proceed.
If that doesn't work, type  X <return>  to quit.


! Package array Error:  Illegal pream-token (Y): `c' used.

See the array package documentation for explanation.
Type  H <return>  for immediate help.
 ...                                              
                                                  
l.565 \end{tabularx}
                    
Try typing  <return>  to proceed.
If that doesn't work, type  X <return>  to quit.


! Package array Error:  Illegal pream-token (Y): `c' used.

See the array package documentation for explanation.
Type  H <return>  for immediate help.
 ...                                              
                                                  
l.565 \end{tabularx}
                    
Try typing  <return>  to proceed.
If that doesn't work, type  X <return>  to quit.

! Undefined control sequence.
<recently read> \ce 
                    
l.565 \end{tabularx}
                    
The control sequence at the end of the top line
of your error message was never \def'ed. If you have
misspelled it (e.g., `\hobx'), type `I' and the correct
spelling (e.g., `I\hbox'). Otherwise just continue,
and I'll forget about whatever was undefined.

! Undefined control sequence.
<recently read> \ce 
                    
l.565 \end{tabularx}
                    
The control sequence at the end of the top line
of your error message was never \def'ed. If you have
misspelled it (e.g., `\hobx'), type `I' and the correct
spelling (e.g., `I\hbox'). Otherwise just continue,
and I'll forget about whatever was undefined.


Underfull \hbox (badness 10000) in alignment at lines 565--565
[][][][][][][][][][][][] 
 []

[104] [105pdfTeX warning (ext4): destination with the same identifier (name{tab
le.4.2}) has been already used, duplicate ignored

\AtBegShi@Output ...ipout \box \AtBeginShipoutBox 
                                                  \fi \fi 
l.569 
      ] [106pdfTeX warning (ext4): destination with the same identifier (name{t
able.4.3}) has been already used, duplicate ignored

\AtBegShi@Output ...ipout \box \AtBeginShipoutBox 
                                                  \fi \fi 
l.569 
      ]

Package natbib Warning: Citation `openmd2.3' on page 107 undefined on input lin
e 575.


Package natbib Warning: Citation `PaperI' on page 107 undefined on input line 5
75.


LaTeX Warning: Command \r invalid in math mode on input line 575.


LaTeX Warning: Command \r invalid in math mode on input line 575.


LaTeX Warning: Command \r invalid in math mode on input line 575.

[107]

LaTeX Warning: Command \r invalid in math mode on input line 580.


LaTeX Warning: Command \r invalid in math mode on input line 580.


LaTeX Warning: Command \r invalid in math mode on input line 580.


LaTeX Warning: Command \r invalid in math mode on input line 580.

[108]

LaTeX Warning: Command \r invalid in math mode on input line 582.


LaTeX Warning: Command \r invalid in math mode on input line 582.


LaTeX Warning: Command \r invalid in math mode on input line 582.


LaTeX Warning: Command \r invalid in math mode on input line 582.


Overfull \hbox (32.42319pt too wide) in paragraph at lines 582--583
[]\OT1/cmr/m/n/12 Quadrupolar sys-tems con-sists 4000 lin-ear point quadrupoles
 with den-sity $2\OML/cmm/m/it/12 :\OT1/cmr/m/n/12 338 \OML/cmm/m/it/12 g=cm[]$

 []


LaTeX Warning: Command \r invalid in math mode on input line 586.


LaTeX Warning: Command \r invalid in math mode on input line 586.

[109] [110] <dielectricFinal_Dipole.pdf, id=1816, 548.0475pt x 605.26125pt>
File: dielectricFinal_Dipole.pdf Graphic file (type pdf)

<use dielectricFinal_Dipole.pdf>
Package pdftex.def Info: dielectricFinal_Dipole.pdf used on input line 590.
(pdftex.def)             Requested size: 416.0pt x 459.43994pt.


LaTeX Warning: Command \r invalid in math mode on input line 595.


LaTeX Warning: Command \r invalid in math mode on input line 595.

[111] [112pdfTeX warning (ext4): destination with the same identifier (name{fig
ure.4.3}) has been already used, duplicate ignored

\AtBegShi@Output ...ipout \box \AtBeginShipoutBox 
                                                  \fi \fi 
l.596 
       <./dielectricFinal_Dipole.pdf>]
<ScreeningFactor_Dipole.pdf, id=1837, 523.9575pt x 695.59875pt>
File: ScreeningFactor_Dipole.pdf Graphic file (type pdf)

<use ScreeningFactor_Dipole.pdf>
Package pdftex.def Info: ScreeningFactor_Dipole.pdf used on input line 599.
(pdftex.def)             Requested size: 416.0pt x 552.28725pt.


LaTeX Warning: Float too large for page by 55.62056pt on input line 602.


LaTeX Warning: Command \r invalid in math mode on input line 605.

<polarizabilityFinal_Quad.pdf, id=1843, 506.89375pt x 666.49pt>
File: polarizabilityFinal_Quad.pdf Graphic file (type pdf)

<use polarizabilityFinal_Quad.pdf>
Package pdftex.def Info: polarizabilityFinal_Quad.pdf used on input line 609.
(pdftex.def)             Requested size: 416.0pt x 546.99315pt.


LaTeX Warning: Float too large for page by 50.32646pt on input line 612.

[113] [114pdfTeX warning (ext4): destination with the same identifier (name{fig
ure.4.4}) has been already used, duplicate ignored

\AtBegShi@Output ...ipout \box \AtBeginShipoutBox 
                                                  \fi \fi 
l.615 
       <./ScreeningFactor_Dipole.pdf>] [115pdfTeX warning (ext4): destination w
ith the same identifier (name{figure.4.5}) has been already used, duplicate ign
ored

\AtBegShi@Output ...ipout \box \AtBeginShipoutBox 
                                                  \fi \fi 
l.615 
       <./polarizabilityFinal_Quad.pdf>]
<ScreeningFactor_Quad.pdf, id=1872, 527.9725pt x 438.63875pt>
File: ScreeningFactor_Quad.pdf Graphic file (type pdf)

<use ScreeningFactor_Quad.pdf>
Package pdftex.def Info: ScreeningFactor_Quad.pdf used on input line 618.
(pdftex.def)             Requested size: 416.0pt x 345.61055pt.
 [116] [117pdfTeX warning (ext4): destination with the same identifier (name{fi
gure.4.6}) has been already used, duplicate ignored

\AtBegShi@Output ...ipout \box \AtBeginShipoutBox 
                                                  \fi \fi 
l.626 F
       or the dipolar fluid, the polarizability evaluated using the perturba...
 <./ScreeningFactor_Quad.pdf>]

LaTeX Warning: Command \r invalid in math mode on input line 626.


LaTeX Warning: Command \r invalid in math mode on input line 626.


LaTeX Warning: Command \r invalid in math mode on input line 626.


LaTeX Warning: Command \r invalid in math mode on input line 626.


LaTeX Warning: Command \r invalid in math mode on input line 626.

) [118]
\openout2 = `appendix.aux'.

 (./appendix.tex
APPENDIX A.

Package hyperref Warning: Token not allowed in a PDF string (PDFDocEncoding):
(hyperref)                removing `math shift' on input line 31.


Package hyperref Warning: Token not allowed in a PDF string (PDFDocEncoding):
(hyperref)                removing `subscript' on input line 31.


Package hyperref Warning: Token not allowed in a PDF string (PDFDocEncoding):
(hyperref)                removing `math shift' on input line 31.

[119



] [120]

Package hyperref Warning: Token not allowed in a PDF string (PDFDocEncoding):
(hyperref)                removing `math shift' on input line 71.


Package hyperref Warning: Token not allowed in a PDF string (PDFDocEncoding):
(hyperref)                removing `math shift' on input line 71.


Overfull \hbox (3.87137pt too wide) in paragraph at lines 161--161
[] 
 []

[121] [122]

Package hyperref Warning: Token not allowed in a PDF string (PDFDocEncoding):
(hyperref)                removing `math shift' on input line 166.


Package hyperref Warning: Token not allowed in a PDF string (PDFDocEncoding):
(hyperref)                removing `math shift' on input line 166.

) [123]
\openout2 = `appendixB.aux'.

 (./appendixB.tex
APPENDIX B.
[124



]

Package natbib Warning: Citation `Torres-del-Castillo:2006uo' on page 125 undef
ined on input line 93.

! Undefined control sequence.
l.97 identical form as in Ref. \onlinecite
                                          {Smith98}:
The control sequence at the end of the top line
of your error message was never \def'ed. If you have
misspelled it (e.g., `\hobx'), type `I' and the correct
spelling (e.g., `I\hbox'). Otherwise just continue,
and I'll forget about whatever was undefined.

[125] [126pdfTeX warning (ext4): destination with the same identifier (name{tab
le.B.1}) has been already used, duplicate ignored

\AtBegShi@Output ...ipout \box \AtBeginShipoutBox 
                                                  \fi \fi 
l.124 \newpage
              ]
Overfull \hbox (89.62659pt too wide) in paragraph at lines 164--164
[] 
 []

[127] [128] [129] [130]
Overfull \hbox (2.57477pt too wide) in paragraph at lines 254--254
[] 
 []

) [131] (./dissertation.bbl [132



] [133]
Missing character: There is no  in font cmr12!
Missing character: There is no  in font cmr12!
Missing character: There is no  in font cmr12!
 [134] [135] [136] [137] [138] [139]
Missing character: There is no  in font cmr12!
Missing character: There is no  in font cmr12!
Missing character: There is no  in font cmr12!

[140]
Underfull \hbox (badness 1389) in paragraph at lines 501--507
\OT1/cmr/m/n/12 of the num-ber of par-ti-cles.  \OT1/cmr/m/it/12 Molec-u-lar Ph
ysics\OT1/cmr/m/n/12 , 65(4):875--893, 1988.
 []


Underfull \hbox (badness 1509) in paragraph at lines 501--507
\OT1/cmr/m/n/12 doi: $10 . 1080 / 00268978800101471$.  URL []$\OT1/cmtt/m/n/12 
http : / / dx . doi . org / 10 . 1080 /
 []

[141] [142]
Missing character: There is no  in font cmr12!
Missing character: There is no  in font cmr12!
 [143] [144]
Missing character: There is no  in font cmr12!
Missing character: There is no  in font cmr12!
Missing character: There is no  in font cmr12!
 [145]
Missing character: There is no  in font cmr12!
Missing character: There is no  in font cmr12!
Missing character: There is no  in font cmr12!
)

Package natbib Warning: There were undefined citations.


LaTeX Font Warning: Font shape `OT1/cmss/m/sc' in size <10> not available
(Font)              Font shape `OT1/cmr/m/sc' tried instead on input line 214.

[146]
Package atveryend Info: Empty hook `BeforeClearDocument' on input line 214.
Package atveryend Info: Empty hook `AfterLastShipout' on input line 214.
 (./dissertation.aux (./chapter1.aux) (./chapter2.aux) (./chapter3.aux)
(./chapter4.aux) (./appendix.aux) (./appendixB.aux))
Package atveryend Info: Executing hook `AtVeryEndDocument' on input line 214.
Package atveryend Info: Executing hook `AtEndAfterFileList' on input line 214.
Package rerunfilecheck Info: File `dissertation.out' has not changed.
(rerunfilecheck)             Checksum: 6628A9DFD8AF79FF62DC2F20C2033476;5991.


LaTeX Warning: There were multiply-defined labels.

Package atveryend Info: Empty hook `AtVeryVeryEnd' on input line 214.
 ) 
Here is how much of TeX's memory you used:
 8246 strings out of 494985
 118561 string characters out of 6180357
 268928 words of memory out of 5000000
 10714 multiletter control sequences out of 15000+600000
 15450 words of font info for 62 fonts, out of 8000000 for 9000
 36 hyphenation exceptions out of 8191
 41i,19n,38p,2996b,605s stack positions out of 5000i,500n,10000p,200000b,80000s
</usr/share/texlive/texmf-dist/fonts/type1/public/amsfonts/cm/cmbx12.pfb></us
r/share/texlive/texmf-dist/fonts/type1/public/amsfonts/cm/cmbx6.pfb></usr/share
/texlive/texmf-dist/fonts/type1/public/amsfonts/cm/cmbx8.pfb></usr/share/texliv
e/texmf-dist/fonts/type1/public/amsfonts/cm/cmcsc10.pfb></usr/share/texlive/tex
mf-dist/fonts/type1/public/amsfonts/cm/cmex10.pfb></usr/share/texlive/texmf-dis
t/fonts/type1/public/amsfonts/cm/cmmi10.pfb></usr/share/texlive/texmf-dist/font
s/type1/public/amsfonts/cm/cmmi12.pfb></usr/share/texlive/texmf-dist/fonts/type
1/public/amsfonts/cm/cmmi6.pfb></usr/share/texlive/texmf-dist/fonts/type1/publi
c/amsfonts/cm/cmmi8.pfb></usr/share/texlive/texmf-dist/fonts/type1/public/amsfo
nts/cm/cmr10.pfb></usr/share/texlive/texmf-dist/fonts/type1/public/amsfonts/cm/
cmr12.pfb></usr/share/texlive/texmf-dist/fonts/type1/public/amsfonts/cm/cmr6.pf
b></usr/share/texlive/texmf-dist/fonts/type1/public/amsfonts/cm/cmr7.pfb></usr/
share/texlive/texmf-dist/fonts/type1/public/amsfonts/cm/cmr8.pfb></usr/share/te
xlive/texmf-dist/fonts/type1/public/amsfonts/cm/cmss10.pfb></usr/share/texlive/
texmf-dist/fonts/type1/public/amsfonts/cm/cmss12.pfb></usr/share/texlive/texmf-
dist/fonts/type1/public/amsfonts/cm/cmss8.pfb></usr/share/texlive/texmf-dist/fo
nts/type1/public/amsfonts/cm/cmsy10.pfb></usr/share/texlive/texmf-dist/fonts/ty
pe1/public/amsfonts/cm/cmsy6.pfb></usr/share/texlive/texmf-dist/fonts/type1/pub
lic/amsfonts/cm/cmsy8.pfb></usr/share/texlive/texmf-dist/fonts/type1/public/ams
fonts/cm/cmti10.pfb></usr/share/texlive/texmf-dist/fonts/type1/public/amsfonts/
cm/cmti12.pfb></usr/share/texlive/texmf-dist/fonts/type1/public/amsfonts/cm/cmt
t12.pfb>
Output written on dissertation.pdf (156 pages, 2106731 bytes).
PDF statistics:
 2357 PDF objects out of 2487 (max. 8388607)
 2028 compressed objects within 21 object streams
 530 named destinations out of 1000 (max. 500000)
 721 words of extra memory for PDF output out of 10000 (max. 10000000)

